array (
  's' => '入口1',
  'time' => 1504943521,
)
array (
  's' => '入口',
  'time' => 1504943521,
)
array (
  's' => '入口1',
  'time' => 1505056632,
)
array (
  's' => '入口',
  'time' => 1505056632,
)
array (
  's' => '入口1',
  'time' => 1505116862,
)
array (
  's' => '入口',
  'time' => 1505116862,
)
array (
  's' => '入口1',
  'time' => 1505200764,
)
array (
  's' => '入口',
  'time' => 1505200764,
)
array (
  's' => '入口1',
  'time' => 1505230741,
)
array (
  's' => '入口',
  'time' => 1505230741,
)
array (
  's' => '入口1',
  'time' => 1505359236,
)
array (
  's' => '入口',
  'time' => 1505359236,
)
array (
  's' => '入口1',
  'time' => 1505629585,
)
array (
  's' => '入口',
  'time' => 1505629585,
)
array (
  's' => '入口1',
  'time' => 1505629675,
)
array (
  's' => '入口1',
  'time' => 1505631095,
)
array (
  's' => '入口',
  'time' => 1505631095,
)
array (
  's' => '入口1',
  'time' => 1505631265,
)
array (
  's' => '入口',
  'time' => 1505631265,
)
array (
  's' => '入口1',
  'time' => 1505631397,
)
array (
  's' => '入口',
  'time' => 1505631397,
)
array (
  's' => '入口1',
  'time' => 1505631848,
)
array (
  's' => '入口',
  'time' => 1505631848,
)
array (
  's' => '入口1',
  'time' => 1505632653,
)
array (
  's' => '入口',
  'time' => 1505632653,
)
array (
  's' => '入口1',
  'time' => 1505651286,
)
array (
  's' => '入口',
  'time' => 1505651286,
)
array (
  's' => '入口1',
  'time' => 1505658800,
)
array (
  's' => '入口',
  'time' => 1505658800,
)
array (
  's' => '入口1',
  'time' => 1505805354,
)
array (
  's' => '入口',
  'time' => 1505805354,
)
array (
  's' => '入口1',
  'time' => 1505867583,
)
array (
  's' => '入口',
  'time' => 1505867583,
)
array (
  's' => '入口1',
  'time' => 1505907034,
)
array (
  's' => '入口',
  'time' => 1505907034,
)
array (
  's' => '入口1',
  'time' => 1505915875,
)
array (
  's' => '入口',
  'time' => 1505915875,
)
array (
  's' => '入口1',
  'time' => 1505925368,
)
array (
  's' => '入口',
  'time' => 1505925368,
)
array (
  's' => '入口1',
  'time' => 1506099170,
)
array (
  's' => '入口',
  'time' => 1506099170,
)
array (
  's' => '入口1',
  'time' => 1506145008,
)
array (
  's' => '入口',
  'time' => 1506145008,
)
array (
  's' => '入口1',
  'time' => 1506145210,
)
array (
  's' => '入口',
  'time' => 1506145210,
)
array (
  's' => '入口1',
  'time' => 1506145363,
)
array (
  's' => '入口',
  'time' => 1506145363,
)
array (
  's' => '入口1',
  'time' => 1506145487,
)
array (
  's' => '入口',
  'time' => 1506145487,
)
array (
  's' => '入口1',
  'time' => 1506181031,
)
array (
  's' => '入口',
  'time' => 1506181031,
)
array (
  's' => '入口1',
  'time' => 1506303293,
)
array (
  's' => '入口',
  'time' => 1506303293,
)
array (
  's' => '入口1',
  'time' => 1506319235,
)
array (
  's' => '入口',
  'time' => 1506319235,
)
array (
  's' => '入口1',
  'time' => 1506575997,
)
array (
  's' => '入口',
  'time' => 1506575997,
)
array (
  's' => '入口1',
  'time' => 1506576179,
)
array (
  's' => '入口',
  'time' => 1506576179,
)
array (
  's' => '入口1',
  'time' => 1506610345,
)
array (
  's' => '入口1',
  'time' => 1506693433,
)
array (
  's' => '入口',
  'time' => 1506693433,
)
array (
  's' => '入口1',
  'time' => 1507185437,
)
array (
  's' => '入口',
  'time' => 1507185437,
)
array (
  's' => '入口1',
  'time' => 1507185557,
)
array (
  's' => '入口',
  'time' => 1507185557,
)
array (
  's' => '入口1',
  'time' => 1507194715,
)
array (
  's' => '入口',
  'time' => 1507194715,
)
array (
  's' => '入口1',
  'time' => 1507204375,
)
array (
  's' => '入口',
  'time' => 1507204375,
)
array (
  's' => '入口1',
  'time' => 1507358398,
)
array (
  's' => '入口',
  'time' => 1507358398,
)
array (
  's' => '入口1',
  'time' => 1507358524,
)
array (
  's' => '入口',
  'time' => 1507358524,
)
array (
  's' => '入口1',
  'time' => 1507473971,
)
array (
  's' => '入口',
  'time' => 1507473971,
)
array (
  's' => '入口1',
  'time' => 1507600186,
)
array (
  's' => '入口',
  'time' => 1507600186,
)
array (
  's' => '入口1',
  'time' => 1507635386,
)
array (
  's' => '入口',
  'time' => 1507635386,
)
array (
  's' => '入口1',
  'time' => 1507782566,
)
array (
  's' => '入口',
  'time' => 1507782566,
)
array (
  's' => '入口1',
  'time' => 1507968351,
)
array (
  's' => '入口',
  'time' => 1507968351,
)
array (
  's' => '入口1',
  'time' => 1508135008,
)
array (
  's' => '入口',
  'time' => 1508135008,
)
array (
  's' => '入口1',
  'time' => 1508376860,
)
array (
  's' => '入口',
  'time' => 1508376860,
)
array (
  's' => '入口1',
  'time' => 1508468548,
)
array (
  's' => '入口',
  'time' => 1508468548,
)
array (
  's' => '入口1',
  'time' => 1508468925,
)
array (
  's' => '入口',
  'time' => 1508468925,
)
array (
  's' => '入口1',
  'time' => 1508471133,
)
array (
  's' => '入口',
  'time' => 1508471133,
)
array (
  's' => '入口1',
  'time' => 1508478019,
)
array (
  's' => '入口',
  'time' => 1508478019,
)
array (
  's' => '入口1',
  'time' => 1508483062,
)
array (
  's' => '入口',
  'time' => 1508483062,
)
array (
  's' => '入口1',
  'time' => 1508488239,
)
array (
  's' => '入口',
  'time' => 1508488239,
)
array (
  's' => '入口1',
  'time' => 1508488475,
)
array (
  's' => '入口',
  'time' => 1508488475,
)
array (
  's' => '入口1',
  'time' => 1508488688,
)
array (
  's' => '入口',
  'time' => 1508488688,
)
array (
  's' => '入口1',
  'time' => 1508821018,
)
array (
  's' => '入口',
  'time' => 1508821018,
)
array (
  's' => '入口1',
  'time' => 1508821028,
)
array (
  's' => '入口',
  'time' => 1508821028,
)
array (
  's' => '入口1',
  'time' => 1508895033,
)
array (
  's' => '入口',
  'time' => 1508895033,
)
array (
  's' => '入口1',
  'time' => 1508910824,
)
array (
  's' => '入口',
  'time' => 1508910824,
)
array (
  's' => '入口1',
  'time' => 1508911002,
)
array (
  's' => '入口',
  'time' => 1508911002,
)
array (
  's' => '入口1',
  'time' => 1508916047,
)
array (
  's' => '入口',
  'time' => 1508916047,
)
array (
  's' => '入口1',
  'time' => 1508916265,
)
array (
  's' => '入口',
  'time' => 1508916265,
)
array (
  's' => '入口1',
  'time' => 1508916624,
)
array (
  's' => '入口',
  'time' => 1508916624,
)
array (
  's' => '入口1',
  'time' => 1508989396,
)
array (
  's' => '入口',
  'time' => 1508989396,
)
array (
  's' => '入口1',
  'time' => 1508989560,
)
array (
  's' => '入口',
  'time' => 1508989560,
)
array (
  's' => '入口1',
  'time' => 1509099362,
)
array (
  's' => '入口',
  'time' => 1509099362,
)
array (
  's' => '入口1',
  'time' => 1509157938,
)
array (
  's' => '入口',
  'time' => 1509157938,
)
array (
  's' => '入口1',
  'time' => 1509159414,
)
array (
  's' => '入口',
  'time' => 1509159414,
)
array (
  's' => '入口1',
  'time' => 1509159478,
)
array (
  's' => '入口',
  'time' => 1509159478,
)
array (
  's' => '入口1',
  'time' => 1509169207,
)
array (
  's' => '入口',
  'time' => 1509169207,
)
array (
  's' => '入口1',
  'time' => 1509172461,
)
array (
  's' => '入口',
  'time' => 1509172461,
)
array (
  's' => '入口1',
  'time' => 1509434646,
)
array (
  's' => '入口',
  'time' => 1509434646,
)
array (
  's' => '入口1',
  'time' => 1509452105,
)
array (
  's' => '入口',
  'time' => 1509452105,
)
array (
  's' => '入口1',
  'time' => 1509667914,
)
array (
  's' => '入口',
  'time' => 1509667914,
)
array (
  's' => '入口1',
  'time' => 1509668110,
)
array (
  's' => '入口',
  'time' => 1509668110,
)
array (
  's' => '入口1',
  'time' => 1509668262,
)
array (
  's' => '入口',
  'time' => 1509668262,
)
array (
  's' => '入口1',
  'time' => 1509668397,
)
array (
  's' => '入口1',
  'time' => 1509670784,
)
array (
  's' => '入口',
  'time' => 1509670784,
)
array (
  's' => '入口1',
  'time' => 1510066054,
)
array (
  's' => '入口',
  'time' => 1510066054,
)
array (
  's' => '入口1',
  'time' => 1510102126,
)
array (
  's' => '入口',
  'time' => 1510102126,
)
array (
  's' => '入口1',
  'time' => 1510228716,
)
array (
  's' => '入口',
  'time' => 1510228716,
)
array (
  's' => '入口1',
  'time' => 1510230620,
)
array (
  's' => '入口',
  'time' => 1510230620,
)
array (
  's' => '入口1',
  'time' => 1510230950,
)
array (
  's' => '入口',
  'time' => 1510230950,
)
array (
  's' => '入口1',
  'time' => 1510318306,
)
array (
  's' => '入口',
  'time' => 1510318306,
)
array (
  's' => '入口1',
  'time' => 1510385983,
)
array (
  's' => '入口',
  'time' => 1510385983,
)
array (
  's' => '入口1',
  'time' => 1510396111,
)
array (
  's' => '入口',
  'time' => 1510396111,
)
array (
  's' => '入口1',
  'time' => 1510396313,
)
array (
  's' => '入口',
  'time' => 1510396313,
)
array (
  's' => '入口1',
  'time' => 1510460800,
)
array (
  's' => '入口',
  'time' => 1510460800,
)
array (
  's' => '入口1',
  'time' => 1510565914,
)
array (
  's' => '入口',
  'time' => 1510565914,
)
array (
  's' => '入口1',
  'time' => 1510575768,
)
array (
  's' => '入口',
  'time' => 1510575768,
)
array (
  's' => '入口1',
  'time' => 1510576001,
)
array (
  's' => '入口',
  'time' => 1510576001,
)
array (
  's' => '入口1',
  'time' => 1510581373,
)
array (
  's' => '入口',
  'time' => 1510581373,
)
array (
  's' => '入口1',
  'time' => 1510629076,
)
array (
  's' => '入口',
  'time' => 1510629076,
)
array (
  's' => '入口1',
  'time' => 1510637186,
)
array (
  's' => '入口',
  'time' => 1510637186,
)
array (
  's' => '入口1',
  'time' => 1510638623,
)
array (
  's' => '入口',
  'time' => 1510638623,
)
array (
  's' => '入口1',
  'time' => 1510718518,
)
array (
  's' => '入口',
  'time' => 1510718518,
)
array (
  's' => '入口1',
  'time' => 1510809585,
)
array (
  's' => '入口',
  'time' => 1510809585,
)
array (
  's' => '入口1',
  'time' => 1510834023,
)
array (
  's' => '入口',
  'time' => 1510834023,
)
array (
  's' => '入口1',
  'time' => 1510926008,
)
array (
  's' => '入口',
  'time' => 1510926008,
)
array (
  's' => '入口1',
  'time' => 1510927411,
)
array (
  's' => '入口',
  'time' => 1510927411,
)
array (
  's' => '入口1',
  'time' => 1510928036,
)
array (
  's' => '入口',
  'time' => 1510928036,
)
array (
  's' => '入口1',
  'time' => 1510959374,
)
array (
  's' => '入口',
  'time' => 1510959374,
)
array (
  's' => '入口1',
  'time' => 1510975512,
)
array (
  's' => '入口',
  'time' => 1510975512,
)
array (
  's' => '入口1',
  'time' => 1510993194,
)
array (
  's' => '入口',
  'time' => 1510993194,
)
array (
  's' => '入口1',
  'time' => 1511042589,
)
array (
  's' => '入口',
  'time' => 1511042589,
)
array (
  's' => '入口1',
  'time' => 1511097256,
)
array (
  's' => '入口',
  'time' => 1511097256,
)
array (
  's' => '入口1',
  'time' => 1511097370,
)
array (
  's' => '入口',
  'time' => 1511097370,
)
array (
  's' => '入口1',
  'time' => 1511169595,
)
array (
  's' => '入口1',
  'time' => 1511169828,
)
array (
  's' => '入口',
  'time' => 1511169828,
)
array (
  's' => '入口1',
  'time' => 1511170576,
)
array (
  's' => '入口',
  'time' => 1511170576,
)
array (
  's' => '入口1',
  'time' => 1511170597,
)
array (
  's' => '入口',
  'time' => 1511170597,
)
