'------黄金---8---100'
'------ttt---12---123'
'------ee---21---111'
'------8---8---100'
'------qqq---9---12'
'------VIP---9---10000'
'---3---VIP---9---10000'
'------青铜会员---8---500'
'------白银会员---7.5---700'
'------黄金会员---7---1500'
'------至尊会员---6.5---3000'
'------初级会员---9.9---500'
'------黄金会员---8---10'
'------白金会员---6---15'
'------黄金会员---6---100'
'---11---黄金会员---6---0.01'
'------黄金会员---1---1'
'------黄金会员---1---1'
'------黄金会员---9---3000'
'------黄金会员---8.3---500'
'------1---8---500'
'---4---青铜会员---8---500'
'------铂金会员---8---50000'
'------黄金会员---9---30000'
'------白银会员---9.5---10000'
'---19---一级会员---9.5---200'
'---19---一级会员---9.5---200'
'---18---二级会员---8.5---1000'
'---17---三级会员---7.5---3000'
'------VIP会员---9---购物满一千元，并加入会员微信群'
'------黄金会员---9.5---268'
'------青铜会员---9.9---消耗10元即可享受9.9折优惠'
'------白金会员---9.5---满500消费即可享有优惠'
'------黄金会员---9.2折---满足消费2000元，即可享受9.2折优惠'
'------青铜会员---9.5---500'
'------黄金会员---9.8---500'
'---5---白银会员---7.5---700'
'---9---黄金会员---8---10'
'------普通会员---9---0'
'---27---普通会员---9---1'
'------VIP会员---9.5---288'
'---28---黄金会员---9.5---288'
'------许鲜会员---享受会员价---无升级'
'---29---普通会员---享受会员价---0'
'------金卡会员---享受会员价---1000'
'---29---普通会员---享受会员价---100'
'------黄金会员---享受会员价---3000'
'---30---银卡会员---享受会员价---1000'
'---31---金卡会员---享受会员价---3000'
'------歌友会员---9.8---10000'
'------普通会员---9.8---500'
'------银卡会员---9.5---1000'
'------金卡会员---9.3---2000'
'------白金卡会员---9---5000'
'---35---金卡会员---9.3---3000'
'---33---贵宾会员---9.8---500'
'------初级会员---9.8---2000'
'------青铜会员---5---50'
'------1---5---100'
'---39---1---5---0'
'---39---1---5---0'
'---39---1---5---1'
'---39---钻石会员---5---1'
'---39---钻石会员---5---1'
'------白金会员---6---0.5'
'---39---钻石会员---5---5'
'---39---钻石会员---5---1'
'---13---黄金会员---1---2000'
'---13---黄金会员---1---1'
'---13---黄金会员---1---10000'
'---13---黄金会员---8---1'
'---39---钻石会员---5---0.01'
'---39---钻石会员---5---1'
'------大众会员---9.8---150'
'---41---大众会员---9.8---150'
'---41---普通会员---9.8---150'
'---41---普通会员---9.8---1'
'---41---普通会员---9.8---1'
'------黄金会员---9.5---100'
'---41---普通会员---9.8---1'
'---41---普通会员---9.8---1'
'---41---普通会员---9.8---1'
'---42---黄金会员---9.5---100'
'------铂金会员---9---200'
'------钻石会员---88---500'
'---44---钻石会员---88---500'
'---44---钻石会员---88---500'
'---43---铂金会员---9---200'
'---42---黄金会员---9.5---100'
'---41---普通会员---9.8---1'
'---41---普通会员---9.8---100'
'---42---黄金会员---9.5---200'
'---43---铂金会员---9---300'
'---44---钻石会员---88---800'
'---43---铂金会员---9.2---300'
'---42---黄金会员---9.5---300'
'---43---铂金会员---9.2---500'
'---44---钻石会员---88---1000'
'---42---黄金会员---9.5---500'
'---43---铂金会员---9.2---1000'
'---44---钻石会员---88---5000'
'------测试会员---9.9---1'
